{"/Users/bethmij/culture-sync/culturesync-backend/app.js": {"path":"/Users/bethmij/culture-sync/culturesync-backend/app.js","statementMap":{"0":{"start":{"line":1,"column":19},"end":{"line":1,"column":37}},"1":{"start":{"line":2,"column":19},"end":{"line":2,"column":34}},"2":{"start":{"line":3,"column":19},"end":{"line":3,"column":36}},"3":{"start":{"line":4,"column":19},"end":{"line":4,"column":36}},"4":{"start":{"line":5,"column":19},"end":{"line":5,"column":48}},"5":{"start":{"line":6,"column":25},"end":{"line":6,"column":65}},"6":{"start":{"line":8,"column":12},"end":{"line":8,"column":21}},"7":{"start":{"line":10,"column":0},"end":{"line":10,"column":18}},"8":{"start":{"line":11,"column":0},"end":{"line":11,"column":58}},"9":{"start":{"line":12,"column":0},"end":{"line":12,"column":59}},"10":{"start":{"line":13,"column":0},"end":{"line":13,"column":40}},"11":{"start":{"line":14,"column":0},"end":{"line":14,"column":60}},"12":{"start":{"line":14,"column":37},"end":{"line":14,"column":60}},"13":{"start":{"line":16,"column":0},"end":{"line":16,"column":101}},"14":{"start":{"line":16,"column":31},"end":{"line":16,"column":99}},"15":{"start":{"line":18,"column":0},"end":{"line":18,"column":58}},"16":{"start":{"line":19,"column":0},"end":{"line":19,"column":62}},"17":{"start":{"line":20,"column":0},"end":{"line":20,"column":64}},"18":{"start":{"line":21,"column":0},"end":{"line":21,"column":65}},"19":{"start":{"line":23,"column":0},"end":{"line":23,"column":92}},"20":{"start":{"line":23,"column":22},"end":{"line":23,"column":90}},"21":{"start":{"line":24,"column":0},"end":{"line":24,"column":22}},"22":{"start":{"line":26,"column":0},"end":{"line":26,"column":21}}},"fnMap":{"0":{"name":"(anonymous_0)","decl":{"start":{"line":16,"column":19},"end":{"line":16,"column":20}},"loc":{"start":{"line":16,"column":31},"end":{"line":16,"column":99}},"line":16},"1":{"name":"(anonymous_1)","decl":{"start":{"line":23,"column":8},"end":{"line":23,"column":9}},"loc":{"start":{"line":23,"column":22},"end":{"line":23,"column":90}},"line":23}},"branchMap":{"0":{"loc":{"start":{"line":11,"column":23},"end":{"line":11,"column":53}},"type":"binary-expr","locations":[{"start":{"line":11,"column":23},"end":{"line":11,"column":46}},{"start":{"line":11,"column":50},"end":{"line":11,"column":53}}],"line":11},"1":{"loc":{"start":{"line":14,"column":0},"end":{"line":14,"column":60}},"type":"if","locations":[{"start":{"line":14,"column":0},"end":{"line":14,"column":60}},{"start":{},"end":{}}],"line":14}},"s":{"0":11,"1":11,"2":11,"3":11,"4":11,"5":11,"6":11,"7":11,"8":11,"9":11,"10":11,"11":11,"12":0,"13":11,"14":8,"15":11,"16":11,"17":11,"18":11,"19":11,"20":4,"21":11,"22":11},"f":{"0":8,"1":4},"b":{"0":[11,11],"1":[0,11]},"_coverageSchema":"1a1c01bbd47fc00a2c39e90264f33305004495a9","hash":"219aa437c7a39672fb811e84074650ab241255c0"}
,"/Users/bethmij/culture-sync/culturesync-backend/src/middleware/auth.js": {"path":"/Users/bethmij/culture-sync/culturesync-backend/src/middleware/auth.js","statementMap":{"0":{"start":{"line":1,"column":12},"end":{"line":1,"column":35}},"1":{"start":{"line":3,"column":0},"end":{"line":16,"column":2}},"2":{"start":{"line":4,"column":17},"end":{"line":4,"column":42}},"3":{"start":{"line":5,"column":2},"end":{"line":7,"column":3}},"4":{"start":{"line":6,"column":4},"end":{"line":6,"column":82}},"5":{"start":{"line":8,"column":2},"end":{"line":15,"column":3}},"6":{"start":{"line":9,"column":20},"end":{"line":9,"column":76}},"7":{"start":{"line":10,"column":4},"end":{"line":10,"column":28}},"8":{"start":{"line":11,"column":4},"end":{"line":11,"column":32}},"9":{"start":{"line":12,"column":4},"end":{"line":12,"column":11}},"10":{"start":{"line":14,"column":4},"end":{"line":14,"column":82}}},"fnMap":{"0":{"name":"(anonymous_0)","decl":{"start":{"line":3,"column":17},"end":{"line":3,"column":18}},"loc":{"start":{"line":3,"column":37},"end":{"line":16,"column":1}},"line":3}},"branchMap":{"0":{"loc":{"start":{"line":5,"column":2},"end":{"line":7,"column":3}},"type":"if","locations":[{"start":{"line":5,"column":2},"end":{"line":7,"column":3}},{"start":{},"end":{}}],"line":5},"1":{"loc":{"start":{"line":5,"column":6},"end":{"line":5,"column":46}},"type":"binary-expr","locations":[{"start":{"line":5,"column":6},"end":{"line":5,"column":13}},{"start":{"line":5,"column":17},"end":{"line":5,"column":46}}],"line":5}},"s":{"0":12,"1":12,"2":158,"3":158,"4":8,"5":150,"6":150,"7":139,"8":139,"9":139,"10":11},"f":{"0":158},"b":{"0":[8,150],"1":[158,151]},"_coverageSchema":"1a1c01bbd47fc00a2c39e90264f33305004495a9","hash":"bb646b82a50decb7268cc88d30039b2edd760676"}
,"/Users/bethmij/culture-sync/culturesync-backend/src/middleware/errorHandler.js": {"path":"/Users/bethmij/culture-sync/culturesync-backend/src/middleware/errorHandler.js","statementMap":{"0":{"start":{"line":1,"column":0},"end":{"line":8,"column":2}},"1":{"start":{"line":2,"column":2},"end":{"line":2,"column":27}},"2":{"start":{"line":3,"column":17},"end":{"line":3,"column":34}},"3":{"start":{"line":4,"column":2},"end":{"line":7,"column":5}}},"fnMap":{"0":{"name":"(anonymous_0)","decl":{"start":{"line":1,"column":30},"end":{"line":1,"column":31}},"loc":{"start":{"line":1,"column":55},"end":{"line":8,"column":1}},"line":1}},"branchMap":{"0":{"loc":{"start":{"line":3,"column":17},"end":{"line":3,"column":34}},"type":"binary-expr","locations":[{"start":{"line":3,"column":17},"end":{"line":3,"column":27}},{"start":{"line":3,"column":31},"end":{"line":3,"column":34}}],"line":3},"1":{"loc":{"start":{"line":6,"column":13},"end":{"line":6,"column":51}},"type":"binary-expr","locations":[{"start":{"line":6,"column":13},"end":{"line":6,"column":24}},{"start":{"line":6,"column":28},"end":{"line":6,"column":51}}],"line":6}},"s":{"0":12,"1":15,"2":15,"3":15},"f":{"0":15},"b":{"0":[15,8],"1":[15,1]},"_coverageSchema":"1a1c01bbd47fc00a2c39e90264f33305004495a9","hash":"025593d2db2a5be865b96049017ff06aaba1bf12"}
,"/Users/bethmij/culture-sync/culturesync-backend/src/models/ARMarker.js": {"path":"/Users/bethmij/culture-sync/culturesync-backend/src/models/ARMarker.js","statementMap":{"0":{"start":{"line":1,"column":17},"end":{"line":1,"column":36}},"1":{"start":{"line":6,"column":23},"end":{"line":75,"column":1}},"2":{"start":{"line":77,"column":0},"end":{"line":77,"column":35}},"3":{"start":{"line":78,"column":0},"end":{"line":78,"column":47}},"4":{"start":{"line":80,"column":0},"end":{"line":80,"column":60}}},"fnMap":{},"branchMap":{},"s":{"0":1,"1":1,"2":1,"3":1,"4":1},"f":{},"b":{},"_coverageSchema":"1a1c01bbd47fc00a2c39e90264f33305004495a9","hash":"de150567d2f5b7e93f163259b405e4411dc77943"}
,"/Users/bethmij/culture-sync/culturesync-backend/src/models/Culture.js": {"path":"/Users/bethmij/culture-sync/culturesync-backend/src/models/Culture.js","statementMap":{"0":{"start":{"line":1,"column":17},"end":{"line":1,"column":36}},"1":{"start":{"line":3,"column":22},"end":{"line":87,"column":1}},"2":{"start":{"line":89,"column":0},"end":{"line":89,"column":45}},"3":{"start":{"line":90,"column":0},"end":{"line":90,"column":38}},"4":{"start":{"line":91,"column":0},"end":{"line":91,"column":33}},"5":{"start":{"line":93,"column":0},"end":{"line":93,"column":58}}},"fnMap":{},"branchMap":{},"s":{"0":1,"1":1,"2":1,"3":1,"4":1,"5":1},"f":{},"b":{},"_coverageSchema":"1a1c01bbd47fc00a2c39e90264f33305004495a9","hash":"14d3a7d34355041e38fbb99375696cefa763570a"}
,"/Users/bethmij/culture-sync/culturesync-backend/src/models/Place.js": {"path":"/Users/bethmij/culture-sync/culturesync-backend/src/models/Place.js","statementMap":{"0":{"start":{"line":1,"column":17},"end":{"line":1,"column":36}},"1":{"start":{"line":3,"column":20},"end":{"line":98,"column":1}},"2":{"start":{"line":100,"column":0},"end":{"line":100,"column":44}},"3":{"start":{"line":101,"column":0},"end":{"line":101,"column":34}},"4":{"start":{"line":102,"column":0},"end":{"line":102,"column":34}},"5":{"start":{"line":103,"column":0},"end":{"line":103,"column":35}},"6":{"start":{"line":105,"column":0},"end":{"line":105,"column":54}}},"fnMap":{},"branchMap":{},"s":{"0":1,"1":1,"2":1,"3":1,"4":1,"5":1,"6":1},"f":{},"b":{},"_coverageSchema":"1a1c01bbd47fc00a2c39e90264f33305004495a9","hash":"987dc5a8d0f35ca797d72dd4fd66848ff39d4434"}
,"/Users/bethmij/culture-sync/culturesync-backend/src/models/Session.js": {"path":"/Users/bethmij/culture-sync/culturesync-backend/src/models/Session.js","statementMap":{"0":{"start":{"line":1,"column":17},"end":{"line":1,"column":36}},"1":{"start":{"line":3,"column":22},"end":{"line":15,"column":1}},"2":{"start":{"line":17,"column":0},"end":{"line":17,"column":48}},"3":{"start":{"line":19,"column":0},"end":{"line":19,"column":58}}},"fnMap":{},"branchMap":{},"s":{"0":12,"1":12,"2":12,"3":12},"f":{},"b":{},"_coverageSchema":"1a1c01bbd47fc00a2c39e90264f33305004495a9","hash":"faa54ae0f54ff9430eb04426b46c5e57f2c15f47"}
,"/Users/bethmij/culture-sync/culturesync-backend/src/models/Technique.js": {"path":"/Users/bethmij/culture-sync/culturesync-backend/src/models/Technique.js","statementMap":{"0":{"start":{"line":1,"column":17},"end":{"line":1,"column":36}},"1":{"start":{"line":3,"column":24},"end":{"line":16,"column":1}},"2":{"start":{"line":18,"column":0},"end":{"line":18,"column":62}}},"fnMap":{},"branchMap":{},"s":{"0":11,"1":11,"2":11},"f":{},"b":{},"_coverageSchema":"1a1c01bbd47fc00a2c39e90264f33305004495a9","hash":"e63a7e8dbd88c658b3fd07a2f593be4dd78e5a98"}
,"/Users/bethmij/culture-sync/culturesync-backend/src/models/User.js": {"path":"/Users/bethmij/culture-sync/culturesync-backend/src/models/User.js","statementMap":{"0":{"start":{"line":1,"column":17},"end":{"line":1,"column":36}},"1":{"start":{"line":2,"column":15},"end":{"line":2,"column":34}},"2":{"start":{"line":4,"column":19},"end":{"line":15,"column":1}},"3":{"start":{"line":17,"column":0},"end":{"line":19,"column":2}},"4":{"start":{"line":18,"column":2},"end":{"line":18,"column":50}},"5":{"start":{"line":21,"column":0},"end":{"line":21,"column":52}}},"fnMap":{"0":{"name":"(anonymous_0)","decl":{"start":{"line":17,"column":37},"end":{"line":17,"column":38}},"loc":{"start":{"line":17,"column":54},"end":{"line":19,"column":1}},"line":17}},"branchMap":{},"s":{"0":13,"1":13,"2":13,"3":13,"4":12,"5":13},"f":{"0":12},"b":{},"_coverageSchema":"1a1c01bbd47fc00a2c39e90264f33305004495a9","hash":"15e95d3b68da7bb5c5da522255c83582b344921c"}
,"/Users/bethmij/culture-sync/culturesync-backend/src/routes/auth.js": {"path":"/Users/bethmij/culture-sync/culturesync-backend/src/routes/auth.js","statementMap":{"0":{"start":{"line":1,"column":15},"end":{"line":1,"column":42}},"1":{"start":{"line":2,"column":15},"end":{"line":2,"column":34}},"2":{"start":{"line":3,"column":15},"end":{"line":3,"column":38}},"3":{"start":{"line":4,"column":15},"end":{"line":4,"column":40}},"4":{"start":{"line":6,"column":13},"end":{"line":7,"column":91}},"5":{"start":{"line":7,"column":2},"end":{"line":7,"column":91}},"6":{"start":{"line":10,"column":0},"end":{"line":25,"column":3}},"7":{"start":{"line":11,"column":2},"end":{"line":24,"column":26}},"8":{"start":{"line":12,"column":38},"end":{"line":12,"column":46}},"9":{"start":{"line":13,"column":4},"end":{"line":13,"column":118}},"10":{"start":{"line":13,"column":38},"end":{"line":13,"column":118}},"11":{"start":{"line":14,"column":4},"end":{"line":14,"column":124}},"12":{"start":{"line":14,"column":39},"end":{"line":14,"column":124}},"13":{"start":{"line":16,"column":25},"end":{"line":16,"column":56}},"14":{"start":{"line":17,"column":17},"end":{"line":17,"column":65}},"15":{"start":{"line":18,"column":18},"end":{"line":18,"column":28}},"16":{"start":{"line":20,"column":4},"end":{"line":23,"column":7}},"17":{"start":{"line":24,"column":16},"end":{"line":24,"column":24}},"18":{"start":{"line":28,"column":0},"end":{"line":43,"column":3}},"19":{"start":{"line":29,"column":2},"end":{"line":42,"column":26}},"20":{"start":{"line":30,"column":32},"end":{"line":30,"column":40}},"21":{"start":{"line":31,"column":4},"end":{"line":31,"column":117}},"22":{"start":{"line":31,"column":29},"end":{"line":31,"column":117}},"23":{"start":{"line":33,"column":17},"end":{"line":33,"column":70}},"24":{"start":{"line":34,"column":4},"end":{"line":36,"column":5}},"25":{"start":{"line":35,"column":6},"end":{"line":35,"column":92}},"26":{"start":{"line":37,"column":18},"end":{"line":37,"column":28}},"27":{"start":{"line":38,"column":4},"end":{"line":41,"column":7}},"28":{"start":{"line":42,"column":16},"end":{"line":42,"column":24}},"29":{"start":{"line":45,"column":0},"end":{"line":45,"column":24}}},"fnMap":{"0":{"name":"(anonymous_0)","decl":{"start":{"line":6,"column":13},"end":{"line":6,"column":14}},"loc":{"start":{"line":7,"column":2},"end":{"line":7,"column":91}},"line":7},"1":{"name":"(anonymous_1)","decl":{"start":{"line":10,"column":25},"end":{"line":10,"column":26}},"loc":{"start":{"line":10,"column":51},"end":{"line":25,"column":1}},"line":10},"2":{"name":"(anonymous_2)","decl":{"start":{"line":28,"column":22},"end":{"line":28,"column":23}},"loc":{"start":{"line":28,"column":48},"end":{"line":43,"column":1}},"line":28}},"branchMap":{"0":{"loc":{"start":{"line":13,"column":4},"end":{"line":13,"column":118}},"type":"if","locations":[{"start":{"line":13,"column":4},"end":{"line":13,"column":118}},{"start":{},"end":{}}],"line":13},"1":{"loc":{"start":{"line":13,"column":8},"end":{"line":13,"column":36}},"type":"binary-expr","locations":[{"start":{"line":13,"column":8},"end":{"line":13,"column":13}},{"start":{"line":13,"column":17},"end":{"line":13,"column":23}},{"start":{"line":13,"column":27},"end":{"line":13,"column":36}}],"line":13},"2":{"loc":{"start":{"line":14,"column":4},"end":{"line":14,"column":124}},"type":"if","locations":[{"start":{"line":14,"column":4},"end":{"line":14,"column":124}},{"start":{},"end":{}}],"line":14},"3":{"loc":{"start":{"line":31,"column":4},"end":{"line":31,"column":117}},"type":"if","locations":[{"start":{"line":31,"column":4},"end":{"line":31,"column":117}},{"start":{},"end":{}}],"line":31},"4":{"loc":{"start":{"line":31,"column":8},"end":{"line":31,"column":27}},"type":"binary-expr","locations":[{"start":{"line":31,"column":8},"end":{"line":31,"column":14}},{"start":{"line":31,"column":18},"end":{"line":31,"column":27}}],"line":31},"5":{"loc":{"start":{"line":34,"column":4},"end":{"line":36,"column":5}},"type":"if","locations":[{"start":{"line":34,"column":4},"end":{"line":36,"column":5}},{"start":{},"end":{}}],"line":34},"6":{"loc":{"start":{"line":34,"column":8},"end":{"line":34,"column":56}},"type":"binary-expr","locations":[{"start":{"line":34,"column":8},"end":{"line":34,"column":13}},{"start":{"line":34,"column":17},"end":{"line":34,"column":56}}],"line":34}},"s":{"0":11,"1":11,"2":11,"3":11,"4":11,"5":43,"6":11,"7":50,"8":50,"9":50,"10":8,"11":42,"12":4,"13":38,"14":38,"15":38,"16":38,"17":0,"18":11,"19":17,"20":17,"21":17,"22":7,"23":10,"24":10,"25":5,"26":5,"27":5,"28":0,"29":11},"f":{"0":43,"1":50,"2":17},"b":{"0":[8,42],"1":[50,46,44],"2":[4,38],"3":[7,10],"4":[17,12],"5":[5,5],"6":[10,7]},"_coverageSchema":"1a1c01bbd47fc00a2c39e90264f33305004495a9","hash":"de9be6228e977378c6c7b2c6dd07c4e0b25cf399"}
,"/Users/bethmij/culture-sync/culturesync-backend/src/routes/leaderboard.js": {"path":"/Users/bethmij/culture-sync/culturesync-backend/src/routes/leaderboard.js","statementMap":{"0":{"start":{"line":1,"column":15},"end":{"line":1,"column":42}},"1":{"start":{"line":2,"column":15},"end":{"line":2,"column":40}},"2":{"start":{"line":5,"column":0},"end":{"line":23,"column":3}},"3":{"start":{"line":6,"column":2},"end":{"line":22,"column":26}},"4":{"start":{"line":7,"column":18},"end":{"line":10,"column":16}},"5":{"start":{"line":12,"column":24},"end":{"line":19,"column":7}},"6":{"start":{"line":12,"column":45},"end":{"line":19,"column":5}},"7":{"start":{"line":21,"column":4},"end":{"line":21,"column":51}},"8":{"start":{"line":22,"column":16},"end":{"line":22,"column":24}},"9":{"start":{"line":25,"column":0},"end":{"line":25,"column":24}}},"fnMap":{"0":{"name":"(anonymous_0)","decl":{"start":{"line":5,"column":16},"end":{"line":5,"column":17}},"loc":{"start":{"line":5,"column":42},"end":{"line":23,"column":1}},"line":5},"1":{"name":"(anonymous_1)","decl":{"start":{"line":12,"column":34},"end":{"line":12,"column":35}},"loc":{"start":{"line":12,"column":45},"end":{"line":19,"column":5}},"line":12}},"branchMap":{},"s":{"0":11,"1":11,"2":11,"3":19,"4":19,"5":19,"6":60,"7":19,"8":0,"9":11},"f":{"0":19,"1":60},"b":{},"_coverageSchema":"1a1c01bbd47fc00a2c39e90264f33305004495a9","hash":"25bf280a9c31a3ca3480a2cf6ab83a13db2d3ffd"}
,"/Users/bethmij/culture-sync/culturesync-backend/src/routes/sessions.js": {"path":"/Users/bethmij/culture-sync/culturesync-backend/src/routes/sessions.js","statementMap":{"0":{"start":{"line":1,"column":16},"end":{"line":1,"column":43}},"1":{"start":{"line":2,"column":16},"end":{"line":2,"column":45}},"2":{"start":{"line":3,"column":16},"end":{"line":3,"column":44}},"3":{"start":{"line":4,"column":16},"end":{"line":4,"column":41}},"4":{"start":{"line":7,"column":0},"end":{"line":39,"column":3}},"5":{"start":{"line":8,"column":2},"end":{"line":38,"column":26}},"6":{"start":{"line":10,"column":59},"end":{"line":10,"column":67}},"7":{"start":{"line":12,"column":4},"end":{"line":14,"column":5}},"8":{"start":{"line":13,"column":6},"end":{"line":13,"column":94}},"9":{"start":{"line":15,"column":4},"end":{"line":17,"column":5}},"10":{"start":{"line":16,"column":6},"end":{"line":16,"column":90}},"11":{"start":{"line":18,"column":4},"end":{"line":20,"column":5}},"12":{"start":{"line":19,"column":6},"end":{"line":19,"column":98}},"13":{"start":{"line":22,"column":20},"end":{"line":25,"column":6}},"14":{"start":{"line":28,"column":21},"end":{"line":28,"column":61}},"15":{"start":{"line":29,"column":17},"end":{"line":29,"column":84}},"16":{"start":{"line":29,"column":43},"end":{"line":29,"column":62}},"17":{"start":{"line":30,"column":17},"end":{"line":30,"column":64}},"18":{"start":{"line":30,"column":47},"end":{"line":30,"column":62}},"19":{"start":{"line":31,"column":4},"end":{"line":35,"column":7}},"20":{"start":{"line":37,"column":4},"end":{"line":37,"column":59}},"21":{"start":{"line":38,"column":16},"end":{"line":38,"column":24}},"22":{"start":{"line":42,"column":0},"end":{"line":49,"column":3}},"23":{"start":{"line":43,"column":2},"end":{"line":48,"column":26}},"24":{"start":{"line":44,"column":21},"end":{"line":46,"column":16}},"25":{"start":{"line":47,"column":4},"end":{"line":47,"column":48}},"26":{"start":{"line":48,"column":16},"end":{"line":48,"column":24}},"27":{"start":{"line":51,"column":0},"end":{"line":51,"column":24}}},"fnMap":{"0":{"name":"(anonymous_0)","decl":{"start":{"line":7,"column":23},"end":{"line":7,"column":24}},"loc":{"start":{"line":7,"column":49},"end":{"line":39,"column":1}},"line":7},"1":{"name":"(anonymous_1)","decl":{"start":{"line":29,"column":33},"end":{"line":29,"column":34}},"loc":{"start":{"line":29,"column":43},"end":{"line":29,"column":62}},"line":29},"2":{"name":"(anonymous_2)","decl":{"start":{"line":30,"column":42},"end":{"line":30,"column":43}},"loc":{"start":{"line":30,"column":47},"end":{"line":30,"column":62}},"line":30},"3":{"name":"(anonymous_3)","decl":{"start":{"line":42,"column":34},"end":{"line":42,"column":35}},"loc":{"start":{"line":42,"column":60},"end":{"line":49,"column":1}},"line":42}},"branchMap":{"0":{"loc":{"start":{"line":12,"column":4},"end":{"line":14,"column":5}},"type":"if","locations":[{"start":{"line":12,"column":4},"end":{"line":14,"column":5}},{"start":{},"end":{}}],"line":12},"1":{"loc":{"start":{"line":12,"column":8},"end":{"line":12,"column":73}},"type":"binary-expr","locations":[{"start":{"line":12,"column":8},"end":{"line":12,"column":29}},{"start":{"line":12,"column":33},"end":{"line":12,"column":50}},{"start":{"line":12,"column":54},"end":{"line":12,"column":73}}],"line":12},"2":{"loc":{"start":{"line":15,"column":4},"end":{"line":17,"column":5}},"type":"if","locations":[{"start":{"line":15,"column":4},"end":{"line":17,"column":5}},{"start":{},"end":{}}],"line":15},"3":{"loc":{"start":{"line":18,"column":4},"end":{"line":20,"column":5}},"type":"if","locations":[{"start":{"line":18,"column":4},"end":{"line":20,"column":5}},{"start":{},"end":{}}],"line":18},"4":{"loc":{"start":{"line":18,"column":8},"end":{"line":18,"column":44}},"type":"binary-expr","locations":[{"start":{"line":18,"column":8},"end":{"line":18,"column":26}},{"start":{"line":18,"column":30},"end":{"line":18,"column":44}}],"line":18}},"s":{"0":11,"1":11,"2":11,"3":11,"4":11,"5":123,"6":123,"7":123,"8":6,"9":117,"10":2,"11":115,"12":3,"13":112,"14":109,"15":109,"16":1641,"17":109,"18":1641,"19":109,"20":109,"21":3,"22":11,"23":11,"24":11,"25":11,"26":0,"27":11},"f":{"0":123,"1":1641,"2":1641,"3":11},"b":{"0":[6,117],"1":[123,122,120],"2":[2,115],"3":[3,112],"4":[115,114]},"_coverageSchema":"1a1c01bbd47fc00a2c39e90264f33305004495a9","hash":"ed7a73cf03e333829b1593e92ad095984b670b8e"}
,"/Users/bethmij/culture-sync/culturesync-backend/src/routes/techniques.js": {"path":"/Users/bethmij/culture-sync/culturesync-backend/src/routes/techniques.js","statementMap":{"0":{"start":{"line":1,"column":18},"end":{"line":1,"column":45}},"1":{"start":{"line":2,"column":18},"end":{"line":2,"column":48}},"2":{"start":{"line":5,"column":0},"end":{"line":10,"column":3}},"3":{"start":{"line":6,"column":2},"end":{"line":9,"column":26}},"4":{"start":{"line":7,"column":23},"end":{"line":7,"column":90}},"5":{"start":{"line":8,"column":4},"end":{"line":8,"column":50}},"6":{"start":{"line":9,"column":16},"end":{"line":9,"column":24}},"7":{"start":{"line":13,"column":0},"end":{"line":19,"column":3}},"8":{"start":{"line":14,"column":2},"end":{"line":18,"column":26}},"9":{"start":{"line":15,"column":14},"end":{"line":15,"column":78}},"10":{"start":{"line":16,"column":4},"end":{"line":16,"column":92}},"11":{"start":{"line":16,"column":12},"end":{"line":16,"column":92}},"12":{"start":{"line":17,"column":4},"end":{"line":17,"column":41}},"13":{"start":{"line":18,"column":16},"end":{"line":18,"column":24}},"14":{"start":{"line":21,"column":0},"end":{"line":21,"column":24}}},"fnMap":{"0":{"name":"(anonymous_0)","decl":{"start":{"line":5,"column":16},"end":{"line":5,"column":17}},"loc":{"start":{"line":5,"column":42},"end":{"line":10,"column":1}},"line":5},"1":{"name":"(anonymous_1)","decl":{"start":{"line":13,"column":28},"end":{"line":13,"column":29}},"loc":{"start":{"line":13,"column":54},"end":{"line":19,"column":1}},"line":13}},"branchMap":{"0":{"loc":{"start":{"line":16,"column":4},"end":{"line":16,"column":92}},"type":"if","locations":[{"start":{"line":16,"column":4},"end":{"line":16,"column":92}},{"start":{},"end":{}}],"line":16}},"s":{"0":11,"1":11,"2":11,"3":10,"4":10,"5":10,"6":0,"7":11,"8":14,"9":14,"10":14,"11":4,"12":10,"13":0,"14":11},"f":{"0":10,"1":14},"b":{"0":[4,10]},"_coverageSchema":"1a1c01bbd47fc00a2c39e90264f33305004495a9","hash":"2e2a19fe5c1e5d58a95aec386a90e4dcf11a4fb0"}
}
