TN:
SF:app.js
FN:16,(anonymous_0)
FN:23,(anonymous_1)
FNF:2
FNH:2
FNDA:8,(anonymous_0)
FNDA:4,(anonymous_1)
DA:1,11
DA:2,11
DA:3,11
DA:4,11
DA:5,11
DA:6,11
DA:8,11
DA:10,11
DA:11,11
DA:12,11
DA:13,11
DA:14,11
DA:16,11
DA:18,11
DA:19,11
DA:20,11
DA:21,11
DA:23,11
DA:24,11
DA:26,11
LF:20
LH:20
BRDA:11,0,0,11
BRDA:11,0,1,11
BRDA:14,1,0,0
BRDA:14,1,1,11
BRF:4
BRH:3
end_of_record
TN:
SF:src/middleware/auth.js
FN:3,(anonymous_0)
FNF:1
FNH:1
FNDA:158,(anonymous_0)
DA:1,12
DA:3,12
DA:4,158
DA:5,158
DA:6,8
DA:8,150
DA:9,150
DA:10,139
DA:11,139
DA:12,139
DA:14,11
LF:11
LH:11
BRDA:5,0,0,8
BRDA:5,0,1,150
BRDA:5,1,0,158
BRDA:5,1,1,151
BRF:4
BRH:4
end_of_record
TN:
SF:src/middleware/errorHandler.js
FN:1,(anonymous_0)
FNF:1
FNH:1
FNDA:15,(anonymous_0)
DA:1,12
DA:2,15
DA:3,15
DA:4,15
LF:4
LH:4
BRDA:3,0,0,15
BRDA:3,0,1,8
BRDA:6,1,0,15
BRDA:6,1,1,1
BRF:4
BRH:4
end_of_record
TN:
SF:src/models/ARMarker.js
FNF:0
FNH:0
DA:1,1
DA:6,1
DA:77,1
DA:78,1
DA:80,1
LF:5
LH:5
BRF:0
BRH:0
end_of_record
TN:
SF:src/models/Culture.js
FNF:0
FNH:0
DA:1,1
DA:3,1
DA:89,1
DA:90,1
DA:91,1
DA:93,1
LF:6
LH:6
BRF:0
BRH:0
end_of_record
TN:
SF:src/models/Place.js
FNF:0
FNH:0
DA:1,1
DA:3,1
DA:100,1
DA:101,1
DA:102,1
DA:103,1
DA:105,1
LF:7
LH:7
BRF:0
BRH:0
end_of_record
TN:
SF:src/models/Session.js
FNF:0
FNH:0
DA:1,12
DA:3,12
DA:17,12
DA:19,12
LF:4
LH:4
BRF:0
BRH:0
end_of_record
TN:
SF:src/models/Technique.js
FNF:0
FNH:0
DA:1,11
DA:3,11
DA:18,11
LF:3
LH:3
BRF:0
BRH:0
end_of_record
TN:
SF:src/models/User.js
FN:17,(anonymous_0)
FNF:1
FNH:1
FNDA:12,(anonymous_0)
DA:1,13
DA:2,13
DA:4,13
DA:17,13
DA:18,12
DA:21,13
LF:6
LH:6
BRF:0
BRH:0
end_of_record
TN:
SF:src/routes/auth.js
FN:6,(anonymous_0)
FN:10,(anonymous_1)
FN:28,(anonymous_2)
FNF:3
FNH:3
FNDA:43,(anonymous_0)
FNDA:50,(anonymous_1)
FNDA:17,(anonymous_2)
DA:1,11
DA:2,11
DA:3,11
DA:4,11
DA:6,11
DA:7,43
DA:10,11
DA:11,50
DA:12,50
DA:13,50
DA:14,42
DA:16,38
DA:17,38
DA:18,38
DA:20,38
DA:24,0
DA:28,11
DA:29,17
DA:30,17
DA:31,17
DA:33,10
DA:34,10
DA:35,5
DA:37,5
DA:38,5
DA:42,0
DA:45,11
LF:27
LH:25
BRDA:13,0,0,8
BRDA:13,0,1,42
BRDA:13,1,0,50
BRDA:13,1,1,46
BRDA:13,1,2,44
BRDA:14,2,0,4
BRDA:14,2,1,38
BRDA:31,3,0,7
BRDA:31,3,1,10
BRDA:31,4,0,17
BRDA:31,4,1,12
BRDA:34,5,0,5
BRDA:34,5,1,5
BRDA:34,6,0,10
BRDA:34,6,1,7
BRF:15
BRH:15
end_of_record
TN:
SF:src/routes/leaderboard.js
FN:5,(anonymous_0)
FN:12,(anonymous_1)
FNF:2
FNH:2
FNDA:19,(anonymous_0)
FNDA:60,(anonymous_1)
DA:1,11
DA:2,11
DA:5,11
DA:6,19
DA:7,19
DA:12,60
DA:21,19
DA:22,0
DA:25,11
LF:9
LH:8
BRF:0
BRH:0
end_of_record
TN:
SF:src/routes/sessions.js
FN:7,(anonymous_0)
FN:29,(anonymous_1)
FN:30,(anonymous_2)
FN:42,(anonymous_3)
FNF:4
FNH:4
FNDA:123,(anonymous_0)
FNDA:1641,(anonymous_1)
FNDA:1641,(anonymous_2)
FNDA:11,(anonymous_3)
DA:1,11
DA:2,11
DA:3,11
DA:4,11
DA:7,11
DA:8,123
DA:10,123
DA:12,123
DA:13,6
DA:15,117
DA:16,2
DA:18,115
DA:19,3
DA:22,112
DA:28,109
DA:29,1641
DA:30,1641
DA:31,109
DA:37,109
DA:38,3
DA:42,11
DA:43,11
DA:44,11
DA:47,11
DA:48,0
DA:51,11
LF:26
LH:25
BRDA:12,0,0,6
BRDA:12,0,1,117
BRDA:12,1,0,123
BRDA:12,1,1,122
BRDA:12,1,2,120
BRDA:15,2,0,2
BRDA:15,2,1,115
BRDA:18,3,0,3
BRDA:18,3,1,112
BRDA:18,4,0,115
BRDA:18,4,1,114
BRF:11
BRH:11
end_of_record
TN:
SF:src/routes/techniques.js
FN:5,(anonymous_0)
FN:13,(anonymous_1)
FNF:2
FNH:2
FNDA:10,(anonymous_0)
FNDA:14,(anonymous_1)
DA:1,11
DA:2,11
DA:5,11
DA:6,10
DA:7,10
DA:8,10
DA:9,0
DA:13,11
DA:14,14
DA:15,14
DA:16,14
DA:17,10
DA:18,0
DA:21,11
LF:14
LH:12
BRDA:16,0,0,4
BRDA:16,0,1,10
BRF:2
BRH:2
end_of_record
